0 silly input [ 'test' ]
1 silly flags { _: [ 'run' ],
1 silly flags   'reject-cycles': false,
1 silly flags   rejectCycles: false,
1 silly flags   stream: true,
1 silly flags   scope: '@aragon/ppf-contracts',
1 silly flags   concurrency: 1,
1 silly flags   script: 'test',
1 silly flags   args: [] }
2 verbose rootPath /Users/facu/Documents/work/aragon/dev/ppf
3 info version 2.11.0
4 silly existsSync /Users/facu/Documents/work/aragon/dev/ppf/VERSION
5 info versioning independent
6 info scope @aragon/ppf-contracts
7 silly initialize attempt
8 silly initialize success
9 silly execute attempt
10 silly runScriptInPackageStreaming [ 'test', [], '@aragon/ppf-contracts' ]
11 silly getExecOpts { cwd: '/Users/facu/Documents/work/aragon/dev/ppf/packages/ppf-contracts' }
12 error execute callback with error
13 error Error: Command failed: npm run test
13 error npm ERR! code ELIFECYCLE
13 error npm ERR! errno 1
13 error npm ERR! @aragon/ppf-contracts@1.1.0 compile: `truffle compile --all`
13 error npm ERR! Exit status 1
13 error npm ERR!
13 error npm ERR! Failed at the @aragon/ppf-contracts@1.1.0 compile script.
13 error npm ERR! This is probably not a problem with npm. There is likely additional logging output above.
13 error
13 error npm ERR! A complete log of this run can be found in:
13 error npm ERR!     /Users/facu/.npm/_logs/2019-07-02T23_22_39_064Z-debug.log
13 error npm ERR! code ELIFECYCLE
13 error npm ERR! errno 1
13 error npm ERR! @aragon/ppf-contracts@1.1.0 test: `npm run compile && truffle test`
13 error npm ERR! Exit status 1
13 error npm ERR!
13 error npm ERR! Failed at the @aragon/ppf-contracts@1.1.0 test script.
13 error npm ERR! This is probably not a problem with npm. There is likely additional logging output above.
13 error
13 error npm ERR! A complete log of this run can be found in:
13 error npm ERR!     /Users/facu/.npm/_logs/2019-07-02T23_22_39_085Z-debug.log
13 error
13 error
13 error > @aragon/ppf-contracts@1.1.0 test /Users/facu/Documents/work/aragon/dev/ppf/packages/ppf-contracts
13 error > npm run compile && truffle test
13 error
13 error
13 error > @aragon/ppf-contracts@1.1.0 compile /Users/facu/Documents/work/aragon/dev/ppf/packages/ppf-contracts
13 error > truffle compile --all
13 error
13 error Compiling ./contracts/IFeed.sol...
13 error Compiling ./contracts/IPPFFactory.sol...
13 error Compiling ./contracts/PPF.sol...
13 error Compiling ./contracts/PPFFactory.sol...
13 error Compiling ./contracts/misc/Migrations.sol...
13 error Compiling ./contracts/open-zeppelin/ECRecovery.sol...
13 error Compiling @aragon/os/contracts/common/TimeHelpers.sol...
13 error Compiling @aragon/os/contracts/common/Uint256Helpers.sol...
13 error
13 error /Users/facu/Documents/work/aragon/dev/ppf/packages/ppf-contracts/contracts/PPF.sol:73:5: TypeError: Overriding function changes state mutability from "pure" to "nonpayable".
13 error     function ratePrecision() external returns (uint256) {
13 error     ^ (Relevant source part starts here and spans across multiple lines).
13 error /Users/facu/Documents/work/aragon/dev/ppf/packages/ppf-contracts/contracts/IFeed.sol:4:5: Overriden function is here:
13 error     function ratePrecision() external pure returns (uint256);
13 error     ^-------------------------------------------------------^
13 error [31mCompilation failed. See above.[39m
13 error
13 error     at Promise.all.then.arr (/Users/facu/Documents/work/aragon/dev/ppf/node_modules/execa/index.js:236:11)
13 error     at <anonymous>
