{"contracts/Feed.sol":{"l":{},"path":"/Users/jorge/provident/ppf/packages/ppf-contracts/contracts/Feed.sol","s":{},"b":{},"f":{},"fnMap":{},"statementMap":{},"branchMap":{}},"contracts/PPF.sol":{"l":{"31":18,"32":17,"45":112,"48":112,"49":110,"50":109,"52":108,"53":108,"55":108,"57":108,"66":108,"69":108,"70":1,"73":107,"81":3,"82":2,"90":3,"91":1,"95":11,"96":10,"97":10,"101":18,"102":17,"103":17,"110":220,"111":220,"112":220,"114":220,"121":215,"123":215,"127":108,"131":435},"path":"/Users/jorge/provident/ppf/packages/ppf-contracts/contracts/PPF.sol","s":{"1":18,"2":17,"3":112,"4":112,"5":110,"6":109,"7":108,"8":108,"9":108,"10":108,"11":108,"12":108,"13":1,"14":107,"15":3,"16":2,"17":3,"18":1,"19":11,"20":10,"21":10,"22":18,"23":17,"24":17,"25":220,"26":220,"27":220,"28":220,"29":215,"30":215,"31":108,"32":435},"b":{"1":[110,2],"2":[109,1],"3":[108,1],"4":[108,0],"5":[1,107],"6":[2,1],"7":[1,2],"8":[10,1],"9":[17,1]},"f":{"1":18,"2":112,"3":108,"4":3,"5":3,"6":11,"7":18,"8":220,"9":215,"10":108,"11":435},"fnMap":{"1":{"name":null,"line":30,"loc":{"start":{"line":30,"column":4},"end":{"line":30,"column":64}}},"2":{"name":"update","line":44,"loc":{"start":{"line":44,"column":4},"end":{"line":44,"column":92}}},"3":{"name":"get","line":65,"loc":{"start":{"line":65,"column":4},"end":{"line":65,"column":81}}},"4":{"name":"setOperator","line":80,"loc":{"start":{"line":80,"column":4},"end":{"line":80,"column":50}}},"5":{"name":"setOperatorOwner","line":89,"loc":{"start":{"line":89,"column":4},"end":{"line":89,"column":60}}},"6":{"name":"_setOperator","line":94,"loc":{"start":{"line":94,"column":4},"end":{"line":94,"column":51}}},"7":{"name":"_setOperatorOwner","line":100,"loc":{"start":{"line":100,"column":4},"end":{"line":100,"column":61}}},"8":{"name":"pairId","line":109,"loc":{"start":{"line":109,"column":4},"end":{"line":109,"column":77}}},"9":{"name":"pairXRT","line":120,"loc":{"start":{"line":120,"column":4},"end":{"line":120,"column":91}}},"10":{"name":"setHash","line":126,"loc":{"start":{"line":126,"column":4},"end":{"line":126,"column":104}}},"11":{"name":"isPairOrdered","line":130,"loc":{"start":{"line":130,"column":4},"end":{"line":130,"column":81}}}},"statementMap":{"1":{"start":{"line":31,"column":8},"end":{"line":31,"column":30}},"2":{"start":{"line":32,"column":8},"end":{"line":32,"column":40}},"3":{"start":{"line":45,"column":8},"end":{"line":45,"column":41}},"4":{"start":{"line":48,"column":8},"end":{"line":48,"column":65}},"5":{"start":{"line":49,"column":8},"end":{"line":49,"column":23}},"6":{"start":{"line":50,"column":8},"end":{"line":50,"column":29}},"7":{"start":{"line":52,"column":8},"end":{"line":52,"column":50}},"8":{"start":{"line":53,"column":8},"end":{"line":53,"column":50}},"9":{"start":{"line":55,"column":8},"end":{"line":55,"column":58}},"10":{"start":{"line":57,"column":8},"end":{"line":57,"column":44}},"11":{"start":{"line":66,"column":8},"end":{"line":66,"column":54}},"12":{"start":{"line":69,"column":8},"end":{"line":69,"column":3090}},"13":{"start":{"line":70,"column":12},"end":{"line":70,"column":25}},"14":{"start":{"line":73,"column":8},"end":{"line":73,"column":60}},"15":{"start":{"line":81,"column":8},"end":{"line":81,"column":69}},"16":{"start":{"line":82,"column":8},"end":{"line":82,"column":30}},"17":{"start":{"line":90,"column":8},"end":{"line":90,"column":43}},"18":{"start":{"line":91,"column":8},"end":{"line":91,"column":40}},"19":{"start":{"line":95,"column":8},"end":{"line":95,"column":39}},"20":{"start":{"line":96,"column":8},"end":{"line":96,"column":27}},"21":{"start":{"line":97,"column":8},"end":{"line":97,"column":35}},"22":{"start":{"line":101,"column":8},"end":{"line":101,"column":44}},"23":{"start":{"line":102,"column":8},"end":{"line":102,"column":37}},"24":{"start":{"line":103,"column":8},"end":{"line":103,"column":45}},"25":{"start":{"line":110,"column":8},"end":{"line":110,"column":52}},"26":{"start":{"line":111,"column":8},"end":{"line":111,"column":55}},"27":{"start":{"line":112,"column":8},"end":{"line":112,"column":56}},"28":{"start":{"line":114,"column":8},"end":{"line":114,"column":69}},"29":{"start":{"line":121,"column":8},"end":{"line":121,"column":52}},"30":{"start":{"line":123,"column":8},"end":{"line":123,"column":67}},"31":{"start":{"line":127,"column":8},"end":{"line":127,"column":77}},"32":{"start":{"line":131,"column":8},"end":{"line":131,"column":27}}},"branchMap":{"1":{"line":48,"type":"if","locations":[{"start":{"line":48,"column":8},"end":{"line":48,"column":8}},{"start":{"line":48,"column":8},"end":{"line":48,"column":8}}]},"2":{"line":49,"type":"if","locations":[{"start":{"line":49,"column":8},"end":{"line":49,"column":8}},{"start":{"line":49,"column":8},"end":{"line":49,"column":8}}]},"3":{"line":50,"type":"if","locations":[{"start":{"line":50,"column":8},"end":{"line":50,"column":8}},{"start":{"line":50,"column":8},"end":{"line":50,"column":8}}]},"4":{"line":53,"type":"if","locations":[{"start":{"line":53,"column":8},"end":{"line":53,"column":8}},{"start":{"line":53,"column":8},"end":{"line":53,"column":8}}]},"5":{"line":69,"type":"if","locations":[{"start":{"line":69,"column":8},"end":{"line":69,"column":8}},{"start":{"line":69,"column":8},"end":{"line":69,"column":8}}]},"6":{"line":81,"type":"if","locations":[{"start":{"line":81,"column":8},"end":{"line":81,"column":8}},{"start":{"line":81,"column":8},"end":{"line":81,"column":8}}]},"7":{"line":90,"type":"if","locations":[{"start":{"line":90,"column":8},"end":{"line":90,"column":8}},{"start":{"line":90,"column":8},"end":{"line":90,"column":8}}]},"8":{"line":95,"type":"if","locations":[{"start":{"line":95,"column":8},"end":{"line":95,"column":8}},{"start":{"line":95,"column":8},"end":{"line":95,"column":8}}]},"9":{"line":101,"type":"if","locations":[{"start":{"line":101,"column":8},"end":{"line":101,"column":8}},{"start":{"line":101,"column":8},"end":{"line":101,"column":8}}]}}},"contracts/zep/ECRecovery.sol":{"l":{"10":108,"19":108,"20":108,"21":108,"24":108,"25":108,"29":0,"36":0,"37":0,"41":0,"42":0,"44":0,"60":108},"path":"/Users/jorge/provident/ppf/packages/ppf-contracts/contracts/zep/ECRecovery.sol","s":{"1":108,"2":108,"3":108,"4":0,"5":0,"6":0,"7":0,"8":0,"9":108},"b":{"1":[108,0],"2":[0,0],"3":[0,0]},"f":{"1":108,"2":108,"3":108},"fnMap":{"1":{"name":"personalRecover","line":9,"loc":{"start":{"line":9,"column":2},"end":{"line":9,"column":83}}},"2":{"name":"recover","line":18,"loc":{"start":{"line":18,"column":2},"end":{"line":18,"column":75}}},"3":{"name":"toEthSignedMessageHash","line":53,"loc":{"start":{"line":53,"column":2},"end":{"line":57,"column":3}}}},"statementMap":{"1":{"start":{"line":10,"column":4},"end":{"line":10,"column":53}},"2":{"start":{"line":24,"column":4},"end":{"line":24,"column":921}},"3":{"start":{"line":25,"column":6},"end":{"line":25,"column":25}},"4":{"start":{"line":36,"column":4},"end":{"line":36,"column":1246}},"5":{"start":{"line":37,"column":6},"end":{"line":37,"column":12}},"6":{"start":{"line":41,"column":4},"end":{"line":41,"column":1345}},"7":{"start":{"line":42,"column":6},"end":{"line":42,"column":25}},"8":{"start":{"line":44,"column":6},"end":{"line":44,"column":37}},"9":{"start":{"line":60,"column":4},"end":{"line":60,"column":1788}}},"branchMap":{"1":{"line":24,"type":"if","locations":[{"start":{"line":24,"column":4},"end":{"line":24,"column":4}},{"start":{"line":24,"column":4},"end":{"line":24,"column":4}}]},"2":{"line":36,"type":"if","locations":[{"start":{"line":36,"column":4},"end":{"line":36,"column":4}},{"start":{"line":36,"column":4},"end":{"line":36,"column":4}}]},"3":{"line":41,"type":"if","locations":[{"start":{"line":41,"column":4},"end":{"line":41,"column":4}},{"start":{"line":41,"column":4},"end":{"line":41,"column":4}}]}}}}